Performing C++ SOURCE FILE Test has_std_14_flag failed with the following output:
Change Dir: C:/EQMacEmu/Build/CMakeFiles/CMakeTmp

Run Build Command(s):C:/Program Files (x86)/Microsoft Visual Studio/2019/Community/MSBuild/Current/Bin/MSBuild.exe cmTC_6672f.vcxproj /p:Configuration=Debug /p:Platform=x64 /p:VisualStudioVersion=16.0 /v:m 
Microsoft (R) Build Engine version 16.11.2+f32259642 for .NET Framework
Copyright (C) Microsoft Corporation. All rights reserved.

  Microsoft (R) C/C++ Optimizing Compiler Version 19.29.30151 for x64
  Copyright (C) Microsoft Corporation.  All rights reserved.
  src.cxx
  cl /c /Zi /W3 /WX- /diagnostics:column /MP /Od /Ob0 /D WIN32 /D _WINDOWS /D has_std_14_flag /D "CMAKE_INTDIR=\"Debug\"" /D _MBCS /Gm- /EHsc /RTC1 /MDd /GS /fp:precise /Zc:wchar_t /Zc:forScope /Zc:inline /GR /std:c++14 /Fo"cmTC_6672f.dir\Debug\\" /Fd"cmTC_6672f.dir\Debug\vc142.pdb" /external:W3 /Gd /TP /errorReport:queue  -std=c++14 C:\EQMacEmu\Build\CMakeFiles\CMakeTmp\src.cxx
cl : command line warning D9002: ignoring unknown option '-std=c++14' [C:\EQMacEmu\Build\CMakeFiles\CMakeTmp\cmTC_6672f.vcxproj]
  cmTC_6672f.vcxproj -> C:\EQMacEmu\Build\CMakeFiles\CMakeTmp\Debug\cmTC_6672f.exe

Source file was:
int main() { return 0; }
Performing C++ SOURCE FILE Test has_std_1y_flag failed with the following output:
Change Dir: C:/EQMacEmu/Build/CMakeFiles/CMakeTmp

Run Build Command(s):C:/Program Files (x86)/Microsoft Visual Studio/2019/Community/MSBuild/Current/Bin/MSBuild.exe cmTC_14d78.vcxproj /p:Configuration=Debug /p:Platform=x64 /p:VisualStudioVersion=16.0 /v:m 
Microsoft (R) Build Engine version 16.11.2+f32259642 for .NET Framework
Copyright (C) Microsoft Corporation. All rights reserved.

  Microsoft (R) C/C++ Optimizing Compiler Version 19.29.30151 for x64
  Copyright (C) Microsoft Corporation.  All rights reserved.
  src.cxx
  cl /c /Zi /W3 /WX- /diagnostics:column /MP /Od /Ob0 /D WIN32 /D _WINDOWS /D has_std_1y_flag /D "CMAKE_INTDIR=\"Debug\"" /D _MBCS /Gm- /EHsc /RTC1 /MDd /GS /fp:precise /Zc:wchar_t /Zc:forScope /Zc:inline /GR /std:c++14 /Fo"cmTC_14d78.dir\Debug\\" /Fd"cmTC_14d78.dir\Debug\vc142.pdb" /external:W3 /Gd /TP /errorReport:queue  -std=c++1y C:\EQMacEmu\Build\CMakeFiles\CMakeTmp\src.cxx
cl : command line warning D9002: ignoring unknown option '-std=c++1y' [C:\EQMacEmu\Build\CMakeFiles\CMakeTmp\cmTC_14d78.vcxproj]
  cmTC_14d78.vcxproj -> C:\EQMacEmu\Build\CMakeFiles\CMakeTmp\Debug\cmTC_14d78.exe

Source file was:
int main() { return 0; }
Determining if the include file sys/sdt.h exists failed with the following output:
Change Dir: C:/EQMacEmu/Build/CMakeFiles/CMakeTmp

Run Build Command(s):C:/Program Files (x86)/Microsoft Visual Studio/2019/Community/MSBuild/Current/Bin/MSBuild.exe cmTC_05de5.vcxproj /p:Configuration=Debug /p:Platform=x64 /p:VisualStudioVersion=16.0 /v:m 
Microsoft (R) Build Engine version 16.11.2+f32259642 for .NET Framework
Copyright (C) Microsoft Corporation. All rights reserved.

  Microsoft (R) C/C++ Optimizing Compiler Version 19.29.30151 for x64
  Copyright (C) Microsoft Corporation.  All rights reserved.
  CheckIncludeFile.c
  cl /c /Zi /W3 /WX- /diagnostics:column /Od /Ob0 /D WIN32 /D _WINDOWS /D "CMAKE_INTDIR=\"Debug\"" /D _MBCS /Gm- /RTC1 /MDd /GS /fp:precise /Zc:wchar_t /Zc:forScope /Zc:inline /Fo"cmTC_05de5.dir\Debug\\" /Fd"cmTC_05de5.dir\Debug\vc142.pdb" /external:W3 /Gd /TC /errorReport:queue C:\EQMacEmu\Build\CMakeFiles\CMakeTmp\CheckIncludeFile.c
C:\EQMacEmu\Build\CMakeFiles\CMakeTmp\CheckIncludeFile.c(1,10): fatal error C1083: Cannot open include file: 'sys/sdt.h': No such file or directory [C:\EQMacEmu\Build\CMakeFiles\CMakeTmp\cmTC_05de5.vcxproj]


Determining if the include file unistd.h exists failed with the following output:
Change Dir: C:/EQMacEmu/Build/CMakeFiles/CMakeTmp

Run Build Command(s):C:/Program Files (x86)/Microsoft Visual Studio/2019/Community/MSBuild/Current/Bin/MSBuild.exe cmTC_21f91.vcxproj /p:Configuration=Debug /p:Platform=x64 /p:VisualStudioVersion=16.0 /v:m 
Microsoft (R) Build Engine version 16.11.2+f32259642 for .NET Framework
Copyright (C) Microsoft Corporation. All rights reserved.

  Microsoft (R) C/C++ Optimizing Compiler Version 19.29.30151 for x64
  Copyright (C) Microsoft Corporation.  All rights reserved.
  CheckIncludeFile.c
  cl /c /Zi /W3 /WX- /diagnostics:column /Od /Ob0 /D WIN32 /D _WINDOWS /D "CMAKE_INTDIR=\"Debug\"" /D _MBCS /Gm- /RTC1 /MDd /GS /fp:precise /Zc:wchar_t /Zc:forScope /Zc:inline /Fo"cmTC_21f91.dir\Debug\\" /Fd"cmTC_21f91.dir\Debug\vc142.pdb" /external:W3 /Gd /TC /errorReport:queue C:\EQMacEmu\Build\CMakeFiles\CMakeTmp\CheckIncludeFile.c
C:\EQMacEmu\Build\CMakeFiles\CMakeTmp\CheckIncludeFile.c(1,10): fatal error C1083: Cannot open include file: 'unistd.h': No such file or directory [C:\EQMacEmu\Build\CMakeFiles\CMakeTmp\cmTC_21f91.vcxproj]


Determining size of off64_t failed with the following output:
Change Dir: C:/EQMacEmu/Build/CMakeFiles/CMakeTmp

Run Build Command(s):C:/Program Files (x86)/Microsoft Visual Studio/2019/Community/MSBuild/Current/Bin/MSBuild.exe cmTC_b2a68.vcxproj /p:Configuration=Debug /p:Platform=x64 /p:VisualStudioVersion=16.0 /v:m 
Microsoft (R) Build Engine version 16.11.2+f32259642 for .NET Framework
Copyright (C) Microsoft Corporation. All rights reserved.

  Microsoft (R) C/C++ Optimizing Compiler Version 19.29.30151 for x64
  Copyright (C) Microsoft Corporation.  All rights reserved.
  OFF64_T.c
  cl /c /Zi /W3 /WX- /diagnostics:column /Od /Ob0 /D WIN32 /D _WINDOWS /D _LARGEFILE64_SOURCE=1 /D __USE_LARGEFILE64 /D "CMAKE_INTDIR=\"Debug\"" /D _MBCS /Gm- /RTC1 /MDd /GS /fp:precise /Zc:wchar_t /Zc:forScope /Zc:inline /Fo"cmTC_b2a68.dir\Debug\\" /Fd"cmTC_b2a68.dir\Debug\vc142.pdb" /external:W3 /Gd /TC /errorReport:queue C:\EQMacEmu\Build\CMakeFiles\CheckTypeSize\OFF64_T.c
C:\EQMacEmu\Build\CMakeFiles\CheckTypeSize\OFF64_T.c(25,12): error C2065: 'off64_t': undeclared identifier [C:\EQMacEmu\Build\CMakeFiles\CMakeTmp\cmTC_b2a68.vcxproj]
C:\EQMacEmu\Build\CMakeFiles\CheckTypeSize\OFF64_T.c(26,12): error C2065: 'off64_t': undeclared identifier [C:\EQMacEmu\Build\CMakeFiles\CMakeTmp\cmTC_b2a68.vcxproj]
C:\EQMacEmu\Build\CMakeFiles\CheckTypeSize\OFF64_T.c(27,12): error C2065: 'off64_t': undeclared identifier [C:\EQMacEmu\Build\CMakeFiles\CMakeTmp\cmTC_b2a68.vcxproj]
C:\EQMacEmu\Build\CMakeFiles\CheckTypeSize\OFF64_T.c(28,12): error C2065: 'off64_t': undeclared identifier [C:\EQMacEmu\Build\CMakeFiles\CMakeTmp\cmTC_b2a68.vcxproj]
C:\EQMacEmu\Build\CMakeFiles\CheckTypeSize\OFF64_T.c(29,12): error C2065: 'off64_t': undeclared identifier [C:\EQMacEmu\Build\CMakeFiles\CMakeTmp\cmTC_b2a68.vcxproj]

C:/EQMacEmu/Build/CMakeFiles/CheckTypeSize/OFF64_T.c:
#include <sys/types.h>
#include <stdint.h>
#include <stddef.h>


#undef KEY
#if defined(__i386)
# define KEY '_','_','i','3','8','6'
#elif defined(__x86_64)
# define KEY '_','_','x','8','6','_','6','4'
#elif defined(__ppc__)
# define KEY '_','_','p','p','c','_','_'
#elif defined(__ppc64__)
# define KEY '_','_','p','p','c','6','4','_','_'
#elif defined(__aarch64__)
# define KEY '_','_','a','a','r','c','h','6','4','_','_'
#elif defined(__ARM_ARCH_7A__)
# define KEY '_','_','A','R','M','_','A','R','C','H','_','7','A','_','_'
#elif defined(__ARM_ARCH_7S__)
# define KEY '_','_','A','R','M','_','A','R','C','H','_','7','S','_','_'
#endif

#define SIZE (sizeof(off64_t))
char info_size[] =  {'I', 'N', 'F', 'O', ':', 's','i','z','e','[',
  ('0' + ((SIZE / 10000)%10)),
  ('0' + ((SIZE / 1000)%10)),
  ('0' + ((SIZE / 100)%10)),
  ('0' + ((SIZE / 10)%10)),
  ('0' +  (SIZE    % 10)),
  ']',
#ifdef KEY
  ' ','k','e','y','[', KEY, ']',
#endif
  '\0'};

#ifdef __CLASSIC_C__
int main(argc, argv) int argc; char *argv[];
#else
int main(int argc, char *argv[])
#endif
{
  int require = 0;
  require += info_size[argc];
  (void)argv;
  return require;
}


Determining size of _off64_t failed with the following output:
Change Dir: C:/EQMacEmu/Build/CMakeFiles/CMakeTmp

Run Build Command(s):C:/Program Files (x86)/Microsoft Visual Studio/2019/Community/MSBuild/Current/Bin/MSBuild.exe cmTC_30b87.vcxproj /p:Configuration=Debug /p:Platform=x64 /p:VisualStudioVersion=16.0 /v:m 
Microsoft (R) Build Engine version 16.11.2+f32259642 for .NET Framework
Copyright (C) Microsoft Corporation. All rights reserved.

  Microsoft (R) C/C++ Optimizing Compiler Version 19.29.30151 for x64
  Copyright (C) Microsoft Corporation.  All rights reserved.
  _OFF64_T.c
  cl /c /Zi /W3 /WX- /diagnostics:column /Od /Ob0 /D WIN32 /D _WINDOWS /D _LARGEFILE64_SOURCE=1 /D __USE_LARGEFILE64 /D "CMAKE_INTDIR=\"Debug\"" /D _MBCS /Gm- /RTC1 /MDd /GS /fp:precise /Zc:wchar_t /Zc:forScope /Zc:inline /Fo"cmTC_30b87.dir\Debug\\" /Fd"cmTC_30b87.dir\Debug\vc142.pdb" /external:W3 /Gd /TC /errorReport:queue C:\EQMacEmu\Build\CMakeFiles\CheckTypeSize\_OFF64_T.c
C:\EQMacEmu\Build\CMakeFiles\CheckTypeSize\_OFF64_T.c(25,12): error C2065: '_off64_t': undeclared identifier [C:\EQMacEmu\Build\CMakeFiles\CMakeTmp\cmTC_30b87.vcxproj]
C:\EQMacEmu\Build\CMakeFiles\CheckTypeSize\_OFF64_T.c(26,12): error C2065: '_off64_t': undeclared identifier [C:\EQMacEmu\Build\CMakeFiles\CMakeTmp\cmTC_30b87.vcxproj]
C:\EQMacEmu\Build\CMakeFiles\CheckTypeSize\_OFF64_T.c(27,12): error C2065: '_off64_t': undeclared identifier [C:\EQMacEmu\Build\CMakeFiles\CMakeTmp\cmTC_30b87.vcxproj]
C:\EQMacEmu\Build\CMakeFiles\CheckTypeSize\_OFF64_T.c(28,12): error C2065: '_off64_t': undeclared identifier [C:\EQMacEmu\Build\CMakeFiles\CMakeTmp\cmTC_30b87.vcxproj]
C:\EQMacEmu\Build\CMakeFiles\CheckTypeSize\_OFF64_T.c(29,12): error C2065: '_off64_t': undeclared identifier [C:\EQMacEmu\Build\CMakeFiles\CMakeTmp\cmTC_30b87.vcxproj]

C:/EQMacEmu/Build/CMakeFiles/CheckTypeSize/_OFF64_T.c:
#include <sys/types.h>
#include <stdint.h>
#include <stddef.h>


#undef KEY
#if defined(__i386)
# define KEY '_','_','i','3','8','6'
#elif defined(__x86_64)
# define KEY '_','_','x','8','6','_','6','4'
#elif defined(__ppc__)
# define KEY '_','_','p','p','c','_','_'
#elif defined(__ppc64__)
# define KEY '_','_','p','p','c','6','4','_','_'
#elif defined(__aarch64__)
# define KEY '_','_','a','a','r','c','h','6','4','_','_'
#elif defined(__ARM_ARCH_7A__)
# define KEY '_','_','A','R','M','_','A','R','C','H','_','7','A','_','_'
#elif defined(__ARM_ARCH_7S__)
# define KEY '_','_','A','R','M','_','A','R','C','H','_','7','S','_','_'
#endif

#define SIZE (sizeof(_off64_t))
char info_size[] =  {'I', 'N', 'F', 'O', ':', 's','i','z','e','[',
  ('0' + ((SIZE / 10000)%10)),
  ('0' + ((SIZE / 1000)%10)),
  ('0' + ((SIZE / 100)%10)),
  ('0' + ((SIZE / 10)%10)),
  ('0' +  (SIZE    % 10)),
  ']',
#ifdef KEY
  ' ','k','e','y','[', KEY, ']',
#endif
  '\0'};

#ifdef __CLASSIC_C__
int main(argc, argv) int argc; char *argv[];
#else
int main(int argc, char *argv[])
#endif
{
  int require = 0;
  require += info_size[argc];
  (void)argv;
  return require;
}


Determining size of __off64_t failed with the following output:
Change Dir: C:/EQMacEmu/Build/CMakeFiles/CMakeTmp

Run Build Command(s):C:/Program Files (x86)/Microsoft Visual Studio/2019/Community/MSBuild/Current/Bin/MSBuild.exe cmTC_78109.vcxproj /p:Configuration=Debug /p:Platform=x64 /p:VisualStudioVersion=16.0 /v:m 
Microsoft (R) Build Engine version 16.11.2+f32259642 for .NET Framework
Copyright (C) Microsoft Corporation. All rights reserved.

  Microsoft (R) C/C++ Optimizing Compiler Version 19.29.30151 for x64
  Copyright (C) Microsoft Corporation.  All rights reserved.
  __OFF64_T.c
  cl /c /Zi /W3 /WX- /diagnostics:column /Od /Ob0 /D WIN32 /D _WINDOWS /D _LARGEFILE64_SOURCE=1 /D __USE_LARGEFILE64 /D "CMAKE_INTDIR=\"Debug\"" /D _MBCS /Gm- /RTC1 /MDd /GS /fp:precise /Zc:wchar_t /Zc:forScope /Zc:inline /Fo"cmTC_78109.dir\Debug\\" /Fd"cmTC_78109.dir\Debug\vc142.pdb" /external:W3 /Gd /TC /errorReport:queue C:\EQMacEmu\Build\CMakeFiles\CheckTypeSize\__OFF64_T.c
C:\EQMacEmu\Build\CMakeFiles\CheckTypeSize\__OFF64_T.c(25,12): error C2065: '__off64_t': undeclared identifier [C:\EQMacEmu\Build\CMakeFiles\CMakeTmp\cmTC_78109.vcxproj]
C:\EQMacEmu\Build\CMakeFiles\CheckTypeSize\__OFF64_T.c(26,12): error C2065: '__off64_t': undeclared identifier [C:\EQMacEmu\Build\CMakeFiles\CMakeTmp\cmTC_78109.vcxproj]
C:\EQMacEmu\Build\CMakeFiles\CheckTypeSize\__OFF64_T.c(27,12): error C2065: '__off64_t': undeclared identifier [C:\EQMacEmu\Build\CMakeFiles\CMakeTmp\cmTC_78109.vcxproj]
C:\EQMacEmu\Build\CMakeFiles\CheckTypeSize\__OFF64_T.c(28,12): error C2065: '__off64_t': undeclared identifier [C:\EQMacEmu\Build\CMakeFiles\CMakeTmp\cmTC_78109.vcxproj]
C:\EQMacEmu\Build\CMakeFiles\CheckTypeSize\__OFF64_T.c(29,12): error C2065: '__off64_t': undeclared identifier [C:\EQMacEmu\Build\CMakeFiles\CMakeTmp\cmTC_78109.vcxproj]

C:/EQMacEmu/Build/CMakeFiles/CheckTypeSize/__OFF64_T.c:
#include <sys/types.h>
#include <stdint.h>
#include <stddef.h>


#undef KEY
#if defined(__i386)
# define KEY '_','_','i','3','8','6'
#elif defined(__x86_64)
# define KEY '_','_','x','8','6','_','6','4'
#elif defined(__ppc__)
# define KEY '_','_','p','p','c','_','_'
#elif defined(__ppc64__)
# define KEY '_','_','p','p','c','6','4','_','_'
#elif defined(__aarch64__)
# define KEY '_','_','a','a','r','c','h','6','4','_','_'
#elif defined(__ARM_ARCH_7A__)
# define KEY '_','_','A','R','M','_','A','R','C','H','_','7','A','_','_'
#elif defined(__ARM_ARCH_7S__)
# define KEY '_','_','A','R','M','_','A','R','C','H','_','7','S','_','_'
#endif

#define SIZE (sizeof(__off64_t))
char info_size[] =  {'I', 'N', 'F', 'O', ':', 's','i','z','e','[',
  ('0' + ((SIZE / 10000)%10)),
  ('0' + ((SIZE / 1000)%10)),
  ('0' + ((SIZE / 100)%10)),
  ('0' + ((SIZE / 10)%10)),
  ('0' +  (SIZE    % 10)),
  ']',
#ifdef KEY
  ' ','k','e','y','[', KEY, ']',
#endif
  '\0'};

#ifdef __CLASSIC_C__
int main(argc, argv) int argc; char *argv[];
#else
int main(int argc, char *argv[])
#endif
{
  int require = 0;
  require += info_size[argc];
  (void)argv;
  return require;
}


Determining if the function fseeko exists failed with the following output:
Change Dir: C:/EQMacEmu/Build/CMakeFiles/CMakeTmp

Run Build Command(s):C:/Program Files (x86)/Microsoft Visual Studio/2019/Community/MSBuild/Current/Bin/MSBuild.exe cmTC_bc3f8.vcxproj /p:Configuration=Debug /p:Platform=x64 /p:VisualStudioVersion=16.0 /v:m 
Microsoft (R) Build Engine version 16.11.2+f32259642 for .NET Framework
Copyright (C) Microsoft Corporation. All rights reserved.

  Microsoft (R) C/C++ Optimizing Compiler Version 19.29.30151 for x64
  Copyright (C) Microsoft Corporation.  All rights reserved.
  CheckFunctionExists.c
  cl /c /Zi /W3 /WX- /diagnostics:column /Od /Ob0 /D WIN32 /D _WINDOWS /D CHECK_FUNCTION_EXISTS=fseeko /D "CMAKE_INTDIR=\"Debug\"" /D _MBCS /Gm- /RTC1 /MDd /GS /fp:precise /Zc:wchar_t /Zc:forScope /Zc:inline /Fo"cmTC_bc3f8.dir\Debug\\" /Fd"cmTC_bc3f8.dir\Debug\vc142.pdb" /external:W3 /Gd /TC /errorReport:queue "C:\Program Files\CMake\share\cmake-3.14\Modules\CheckFunctionExists.c"
CheckFunctionExists.obj : error LNK2019: unresolved external symbol fseeko referenced in function main [C:\EQMacEmu\Build\CMakeFiles\CMakeTmp\cmTC_bc3f8.vcxproj]
C:\EQMacEmu\Build\CMakeFiles\CMakeTmp\Debug\cmTC_bc3f8.exe : fatal error LNK1120: 1 unresolved externals [C:\EQMacEmu\Build\CMakeFiles\CMakeTmp\cmTC_bc3f8.vcxproj]


Performing C SOURCE FILE Test HAVE_ATTRIBUTE_VISIBILITY_HIDDEN failed with the following output:
Change Dir: C:/EQMacEmu/Build/CMakeFiles/CMakeTmp

Run Build Command(s):C:/Program Files (x86)/Microsoft Visual Studio/2019/Community/MSBuild/Current/Bin/MSBuild.exe cmTC_0f5c7.vcxproj /p:Configuration=Debug /p:Platform=x64 /p:VisualStudioVersion=16.0 /v:m 
Microsoft (R) Build Engine version 16.11.2+f32259642 for .NET Framework
Copyright (C) Microsoft Corporation. All rights reserved.

  Microsoft (R) C/C++ Optimizing Compiler Version 19.29.30151 for x64
  Copyright (C) Microsoft Corporation.  All rights reserved.
  src.c
  cl /c /Zi /W3 /WX- /diagnostics:column /Od /Ob0 /D WIN32 /D _WINDOWS /D HAVE_ATTRIBUTE_VISIBILITY_HIDDEN /D "CMAKE_INTDIR=\"Debug\"" /D _MBCS /Gm- /RTC1 /MDd /GS /fp:precise /Zc:wchar_t /Zc:forScope /Zc:inline /Fo"cmTC_0f5c7.dir\Debug\\" /Fd"cmTC_0f5c7.dir\Debug\vc142.pdb" /external:W3 /Gd /TC /errorReport:queue C:\EQMacEmu\Build\CMakeFiles\CMakeTmp\src.c
C:\EQMacEmu\Build\CMakeFiles\CMakeTmp\src.c(2,9): error C2143: syntax error: missing ')' before '(' [C:\EQMacEmu\Build\CMakeFiles\CMakeTmp\cmTC_0f5c7.vcxproj]
C:\EQMacEmu\Build\CMakeFiles\CMakeTmp\src.c(2,9): error C2091: function returns function [C:\EQMacEmu\Build\CMakeFiles\CMakeTmp\cmTC_0f5c7.vcxproj]
C:\EQMacEmu\Build\CMakeFiles\CMakeTmp\src.c(2,9): error C2143: syntax error: missing ')' before 'string' [C:\EQMacEmu\Build\CMakeFiles\CMakeTmp\cmTC_0f5c7.vcxproj]
C:\EQMacEmu\Build\CMakeFiles\CMakeTmp\src.c(2,9): error C2143: syntax error: missing '{' before 'string' [C:\EQMacEmu\Build\CMakeFiles\CMakeTmp\cmTC_0f5c7.vcxproj]
C:\EQMacEmu\Build\CMakeFiles\CMakeTmp\src.c(2,9): error C2059: syntax error: 'string' [C:\EQMacEmu\Build\CMakeFiles\CMakeTmp\cmTC_0f5c7.vcxproj]
C:\EQMacEmu\Build\CMakeFiles\CMakeTmp\src.c(2,9): error C2059: syntax error: ')' [C:\EQMacEmu\Build\CMakeFiles\CMakeTmp\cmTC_0f5c7.vcxproj]

Source file was:
#define Z_INTERNAL __attribute__((visibility ("hidden")))
    int Z_INTERNAL foo;
    int main() {
        return 0;
    }
Performing C SOURCE FILE Test HAVE_ATTRIBUTE_VISIBILITY_INTERNAL failed with the following output:
Change Dir: C:/EQMacEmu/Build/CMakeFiles/CMakeTmp

Run Build Command(s):C:/Program Files (x86)/Microsoft Visual Studio/2019/Community/MSBuild/Current/Bin/MSBuild.exe cmTC_8eb8d.vcxproj /p:Configuration=Debug /p:Platform=x64 /p:VisualStudioVersion=16.0 /v:m 
Microsoft (R) Build Engine version 16.11.2+f32259642 for .NET Framework
Copyright (C) Microsoft Corporation. All rights reserved.

  Microsoft (R) C/C++ Optimizing Compiler Version 19.29.30151 for x64
  Copyright (C) Microsoft Corporation.  All rights reserved.
  src.c
  cl /c /Zi /W3 /WX- /diagnostics:column /Od /Ob0 /D WIN32 /D _WINDOWS /D HAVE_ATTRIBUTE_VISIBILITY_INTERNAL /D "CMAKE_INTDIR=\"Debug\"" /D _MBCS /Gm- /RTC1 /MDd /GS /fp:precise /Zc:wchar_t /Zc:forScope /Zc:inline /Fo"cmTC_8eb8d.dir\Debug\\" /Fd"cmTC_8eb8d.dir\Debug\vc142.pdb" /external:W3 /Gd /TC /errorReport:queue C:\EQMacEmu\Build\CMakeFiles\CMakeTmp\src.c
C:\EQMacEmu\Build\CMakeFiles\CMakeTmp\src.c(2,9): error C2143: syntax error: missing ')' before '(' [C:\EQMacEmu\Build\CMakeFiles\CMakeTmp\cmTC_8eb8d.vcxproj]
C:\EQMacEmu\Build\CMakeFiles\CMakeTmp\src.c(2,9): error C2091: function returns function [C:\EQMacEmu\Build\CMakeFiles\CMakeTmp\cmTC_8eb8d.vcxproj]
C:\EQMacEmu\Build\CMakeFiles\CMakeTmp\src.c(2,9): error C2143: syntax error: missing ')' before 'string' [C:\EQMacEmu\Build\CMakeFiles\CMakeTmp\cmTC_8eb8d.vcxproj]
C:\EQMacEmu\Build\CMakeFiles\CMakeTmp\src.c(2,9): error C2143: syntax error: missing '{' before 'string' [C:\EQMacEmu\Build\CMakeFiles\CMakeTmp\cmTC_8eb8d.vcxproj]
C:\EQMacEmu\Build\CMakeFiles\CMakeTmp\src.c(2,9): error C2059: syntax error: 'string' [C:\EQMacEmu\Build\CMakeFiles\CMakeTmp\cmTC_8eb8d.vcxproj]
C:\EQMacEmu\Build\CMakeFiles\CMakeTmp\src.c(2,9): error C2059: syntax error: ')' [C:\EQMacEmu\Build\CMakeFiles\CMakeTmp\cmTC_8eb8d.vcxproj]

Source file was:
#define Z_INTERNAL __attribute__((visibility ("internal")))
    int Z_INTERNAL foo;
    int main() {
        return 0;
    }
Performing C SOURCE FILE Test HAVE_BUILTIN_CTZ failed with the following output:
Change Dir: C:/EQMacEmu/Build/CMakeFiles/CMakeTmp

Run Build Command(s):C:/Program Files (x86)/Microsoft Visual Studio/2019/Community/MSBuild/Current/Bin/MSBuild.exe cmTC_45219.vcxproj /p:Configuration=Debug /p:Platform=x64 /p:VisualStudioVersion=16.0 /v:m 
Microsoft (R) Build Engine version 16.11.2+f32259642 for .NET Framework
Copyright (C) Microsoft Corporation. All rights reserved.

  Microsoft (R) C/C++ Optimizing Compiler Version 19.29.30151 for x64
  Copyright (C) Microsoft Corporation.  All rights reserved.
  src.c
  cl /c /Zi /W3 /WX- /diagnostics:column /Od /Ob0 /D WIN32 /D _WINDOWS /D HAVE_BUILTIN_CTZ /D "CMAKE_INTDIR=\"Debug\"" /D _MBCS /Gm- /RTC1 /MDd /GS /fp:precise /Zc:wchar_t /Zc:forScope /Zc:inline /Fo"cmTC_45219.dir\Debug\\" /Fd"cmTC_45219.dir\Debug\vc142.pdb" /external:W3 /Gd /TC /errorReport:queue C:\EQMacEmu\Build\CMakeFiles\CMakeTmp\src.c
C:\EQMacEmu\Build\CMakeFiles\CMakeTmp\src.c(3,34): warning C4013: '__builtin_ctz' undefined; assuming extern returning int [C:\EQMacEmu\Build\CMakeFiles\CMakeTmp\cmTC_45219.vcxproj]
src.obj : error LNK2019: unresolved external symbol __builtin_ctz referenced in function main [C:\EQMacEmu\Build\CMakeFiles\CMakeTmp\cmTC_45219.vcxproj]
C:\EQMacEmu\Build\CMakeFiles\CMakeTmp\Debug\cmTC_45219.exe : fatal error LNK1120: 1 unresolved externals [C:\EQMacEmu\Build\CMakeFiles\CMakeTmp\cmTC_45219.vcxproj]

Source file was:
int main(void) {
        unsigned int zero = 0;
        long test = __builtin_ctz(zero);
        (void)test;
        return 0;
    }
Performing C SOURCE FILE Test HAVE_BUILTIN_CTZLL failed with the following output:
Change Dir: C:/EQMacEmu/Build/CMakeFiles/CMakeTmp

Run Build Command(s):C:/Program Files (x86)/Microsoft Visual Studio/2019/Community/MSBuild/Current/Bin/MSBuild.exe cmTC_fc7ab.vcxproj /p:Configuration=Debug /p:Platform=x64 /p:VisualStudioVersion=16.0 /v:m 
Microsoft (R) Build Engine version 16.11.2+f32259642 for .NET Framework
Copyright (C) Microsoft Corporation. All rights reserved.

  Microsoft (R) C/C++ Optimizing Compiler Version 19.29.30151 for x64
  Copyright (C) Microsoft Corporation.  All rights reserved.
  src.c
  cl /c /Zi /W3 /WX- /diagnostics:column /Od /Ob0 /D WIN32 /D _WINDOWS /D HAVE_BUILTIN_CTZLL /D "CMAKE_INTDIR=\"Debug\"" /D _MBCS /Gm- /RTC1 /MDd /GS /fp:precise /Zc:wchar_t /Zc:forScope /Zc:inline /Fo"cmTC_fc7ab.dir\Debug\\" /Fd"cmTC_fc7ab.dir\Debug\vc142.pdb" /external:W3 /Gd /TC /errorReport:queue C:\EQMacEmu\Build\CMakeFiles\CMakeTmp\src.c
C:\EQMacEmu\Build\CMakeFiles\CMakeTmp\src.c(3,36): warning C4013: '__builtin_ctzll' undefined; assuming extern returning int [C:\EQMacEmu\Build\CMakeFiles\CMakeTmp\cmTC_fc7ab.vcxproj]
src.obj : error LNK2019: unresolved external symbol __builtin_ctzll referenced in function main [C:\EQMacEmu\Build\CMakeFiles\CMakeTmp\cmTC_fc7ab.vcxproj]
C:\EQMacEmu\Build\CMakeFiles\CMakeTmp\Debug\cmTC_fc7ab.exe : fatal error LNK1120: 1 unresolved externals [C:\EQMacEmu\Build\CMakeFiles\CMakeTmp\cmTC_fc7ab.vcxproj]

Source file was:
int main(void) {
        unsigned int zero = 0;
        long test = __builtin_ctzll(zero);
        (void)test;
        return 0;
    }
Performing C SOURCE FILE Test HAVE_SSE42CRC_INLINE_ASM failed with the following output:
Change Dir: C:/EQMacEmu/Build/CMakeFiles/CMakeTmp

Run Build Command(s):C:/Program Files (x86)/Microsoft Visual Studio/2019/Community/MSBuild/Current/Bin/MSBuild.exe cmTC_e7c5b.vcxproj /p:Configuration=Debug /p:Platform=x64 /p:VisualStudioVersion=16.0 /v:m 
Microsoft (R) Build Engine version 16.11.2+f32259642 for .NET Framework
Copyright (C) Microsoft Corporation. All rights reserved.

  Microsoft (R) C/C++ Optimizing Compiler Version 19.29.30151 for x64
  Copyright (C) Microsoft Corporation.  All rights reserved.
  src.c
  cl /c /Zi /W3 /WX- /diagnostics:column /Od /Ob0 /D WIN32 /D _WINDOWS /D HAVE_SSE42CRC_INLINE_ASM /D ZLIB_DEBUG /D "CMAKE_INTDIR=\"Debug\"" /D _MBCS /Gm- /RTC1 /MDd /GS /fp:precise /Zc:wchar_t /Zc:forScope /Zc:inline /Fo"cmTC_e7c5b.dir\Debug\\" /Fd"cmTC_e7c5b.dir\Debug\vc142.pdb" /external:W3 /Gd /TC /errorReport:queue C:\EQMacEmu\Build\CMakeFiles\CMakeTmp\src.c
C:\EQMacEmu\Build\CMakeFiles\CMakeTmp\src.c(4,15): error C4235: nonstandard extension used: '__asm' keyword not supported on this architecture [C:\EQMacEmu\Build\CMakeFiles\CMakeTmp\cmTC_e7c5b.vcxproj]
C:\EQMacEmu\Build\CMakeFiles\CMakeTmp\src.c(4,25): error C2065: 'mov': undeclared identifier [C:\EQMacEmu\Build\CMakeFiles\CMakeTmp\cmTC_e7c5b.vcxproj]
C:\EQMacEmu\Build\CMakeFiles\CMakeTmp\src.c(4,25): error C2146: syntax error: missing ';' before identifier 'edx' [C:\EQMacEmu\Build\CMakeFiles\CMakeTmp\cmTC_e7c5b.vcxproj]
C:\EQMacEmu\Build\CMakeFiles\CMakeTmp\src.c(4,28): error C2065: 'edx': undeclared identifier [C:\EQMacEmu\Build\CMakeFiles\CMakeTmp\cmTC_e7c5b.vcxproj]
C:\EQMacEmu\Build\CMakeFiles\CMakeTmp\src.c(4,32): error C4235: nonstandard extension used: '__asm' keyword not supported on this architecture [C:\EQMacEmu\Build\CMakeFiles\CMakeTmp\cmTC_e7c5b.vcxproj]
C:\EQMacEmu\Build\CMakeFiles\CMakeTmp\src.c(4,38): error C2146: syntax error: missing ';' before identifier 'mov' [C:\EQMacEmu\Build\CMakeFiles\CMakeTmp\cmTC_e7c5b.vcxproj]
C:\EQMacEmu\Build\CMakeFiles\CMakeTmp\src.c(4,42): error C2065: 'mov': undeclared identifier [C:\EQMacEmu\Build\CMakeFiles\CMakeTmp\cmTC_e7c5b.vcxproj]
C:\EQMacEmu\Build\CMakeFiles\CMakeTmp\src.c(4,42): error C2146: syntax error: missing ';' before identifier 'eax' [C:\EQMacEmu\Build\CMakeFiles\CMakeTmp\cmTC_e7c5b.vcxproj]
C:\EQMacEmu\Build\CMakeFiles\CMakeTmp\src.c(4,45): error C2065: 'eax': undeclared identifier [C:\EQMacEmu\Build\CMakeFiles\CMakeTmp\cmTC_e7c5b.vcxproj]
C:\EQMacEmu\Build\CMakeFiles\CMakeTmp\src.c(4,51): error C4235: nonstandard extension used: '__asm' keyword not supported on this architecture [C:\EQMacEmu\Build\CMakeFiles\CMakeTmp\cmTC_e7c5b.vcxproj]
C:\EQMacEmu\Build\CMakeFiles\CMakeTmp\src.c(4,57): error C2146: syntax error: missing ';' before identifier 'crc32' [C:\EQMacEmu\Build\CMakeFiles\CMakeTmp\cmTC_e7c5b.vcxproj]
C:\EQMacEmu\Build\CMakeFiles\CMakeTmp\src.c(4,63): error C2065: 'crc32': undeclared identifier [C:\EQMacEmu\Build\CMakeFiles\CMakeTmp\cmTC_e7c5b.vcxproj]
C:\EQMacEmu\Build\CMakeFiles\CMakeTmp\src.c(4,63): error C2146: syntax error: missing ';' before identifier 'eax' [C:\EQMacEmu\Build\CMakeFiles\CMakeTmp\cmTC_e7c5b.vcxproj]
C:\EQMacEmu\Build\CMakeFiles\CMakeTmp\src.c(4,66): error C2065: 'eax': undeclared identifier [C:\EQMacEmu\Build\CMakeFiles\CMakeTmp\cmTC_e7c5b.vcxproj]
C:\EQMacEmu\Build\CMakeFiles\CMakeTmp\src.c(4,72): error C4235: nonstandard extension used: '__asm' keyword not supported on this architecture [C:\EQMacEmu\Build\CMakeFiles\CMakeTmp\cmTC_e7c5b.vcxproj]
C:\EQMacEmu\Build\CMakeFiles\CMakeTmp\src.c(4,78): error C2065: 'edx': undeclared identifier [C:\EQMacEmu\Build\CMakeFiles\CMakeTmp\cmTC_e7c5b.vcxproj]
C:\EQMacEmu\Build\CMakeFiles\CMakeTmp\src.c(4,78): error C2146: syntax error: missing ';' before identifier 'mov' [C:\EQMacEmu\Build\CMakeFiles\CMakeTmp\cmTC_e7c5b.vcxproj]
C:\EQMacEmu\Build\CMakeFiles\CMakeTmp\src.c(4,82): error C2065: 'mov': undeclared identifier [C:\EQMacEmu\Build\CMakeFiles\CMakeTmp\cmTC_e7c5b.vcxproj]
C:\EQMacEmu\Build\CMakeFiles\CMakeTmp\src.c(4,82): error C2146: syntax error: missing ';' before identifier 'val' [C:\EQMacEmu\Build\CMakeFiles\CMakeTmp\cmTC_e7c5b.vcxproj]
C:\EQMacEmu\Build\CMakeFiles\CMakeTmp\src.c(4,91): error C2065: 'eax': undeclared identifier [C:\EQMacEmu\Build\CMakeFiles\CMakeTmp\cmTC_e7c5b.vcxproj]
C:\EQMacEmu\Build\CMakeFiles\CMakeTmp\src.c(4,91): error C2143: syntax error: missing ';' before '}' [C:\EQMacEmu\Build\CMakeFiles\CMakeTmp\cmTC_e7c5b.vcxproj]

Source file was:
int main(void) {
            unsigned val = 0, h = 0;
        #if defined(_MSC_VER)
            { __asm mov edx, h __asm mov eax, val __asm crc32 eax, edx __asm mov val, eax }
        #else
            __asm__ __volatile__ ( "crc32 %1,%0" : "+r" (h) : "r" (val) );
        #endif
            return (int)h;
        }
